22:40:03,908 DEBUG SCENELogger:25 - UPDATE - br.ufes.inf.lprm.scene.examples.shared.Person@33065d67
22:40:03,908 DEBUG SynchronizedPropagationList:128 - Engine resumed
22:40:03,908 DEBUG DefaultAgenda:1331 - Fire Loop
22:40:03,908 DEBUG SynchronizedPropagationList:123 - Engine wait
22:40:06,910 DEBUG SynchronizedPropagationList:128 - Engine resumed
22:40:06,910 DEBUG DefaultAgenda:1331 - Fire Loop
22:40:06,910 DEBUG SCENELogger:25 - UPDATE - br.ufes.inf.lprm.scene.examples.shared.Person@33065d67
22:40:06,910 DEBUG SynchronizedPropagationList:123 - Engine wait
22:40:09,916 DEBUG SynchronizedPropagationList:128 - Engine resumed
22:40:09,916 DEBUG DefaultAgenda:1331 - Fire Loop
22:40:09,916 DEBUG SynchronizedPropagationList:123 - Engine wait
22:40:09,916 DEBUG SCENELogger:25 - UPDATE - br.ufes.inf.lprm.scene.examples.shared.Person@33065d67
22:40:12,918 DEBUG SynchronizedPropagationList:128 - Engine resumed
22:40:12,919 DEBUG DefaultAgenda:1331 - Fire Loop
22:40:12,918 DEBUG SCENELogger:25 - UPDATE - br.ufes.inf.lprm.scene.examples.shared.Person@33065d67
22:40:12,919 DEBUG SynchronizedPropagationList:123 - Engine wait
22:40:15,925 DEBUG SCENELogger:25 - UPDATE - br.ufes.inf.lprm.scene.examples.shared.Person@33065d67
22:40:15,925 DEBUG SynchronizedPropagationList:128 - Engine resumed
22:40:15,925 DEBUG DefaultAgenda:1331 - Fire Loop
22:40:15,926 DEBUG SynchronizedPropagationList:123 - Engine wait
22:40:16,931 DEBUG SCENELogger:25 - UPDATE - br.ufes.inf.lprm.scene.examples.shared.Person@33065d67
22:40:16,931 DEBUG SynchronizedPropagationList:128 - Engine resumed
22:40:16,931 DEBUG DefaultAgenda:1331 - Fire Loop
22:40:16,931 DEBUG SynchronizedPropagationList:123 - Engine wait
22:40:19,932 DEBUG SynchronizedPropagationList:128 - Engine resumed
22:40:19,932 DEBUG DefaultAgenda:1331 - Fire Loop
22:40:19,932 DEBUG SCENELogger:25 - UPDATE - br.ufes.inf.lprm.scene.examples.shared.Person@33065d67
22:40:19,932 DEBUG SynchronizedPropagationList:123 - Engine wait
22:40:22,933 DEBUG SynchronizedPropagationList:128 - Engine resumed
22:40:22,934 DEBUG DefaultAgenda:1331 - Fire Loop
22:40:22,933 DEBUG SCENELogger:25 - UPDATE - br.ufes.inf.lprm.scene.examples.shared.Person@33065d67
22:40:22,934 DEBUG SynchronizedPropagationList:123 - Engine wait
22:40:25,936 DEBUG SCENELogger:25 - UPDATE - br.ufes.inf.lprm.scene.examples.shared.Person@33065d67
22:40:25,936 DEBUG SynchronizedPropagationList:128 - Engine resumed
22:40:25,936 DEBUG DefaultAgenda:1331 - Fire Loop
22:40:25,936 DEBUG SynchronizedPropagationList:123 - Engine wait
22:40:28,938 DEBUG SCENELogger:25 - UPDATE - br.ufes.inf.lprm.scene.examples.shared.Person@33065d67
22:40:28,938 DEBUG SynchronizedPropagationList:128 - Engine resumed
22:40:28,938 DEBUG DefaultAgenda:1331 - Fire Loop
22:40:28,938 DEBUG SynchronizedPropagationList:123 - Engine wait
22:40:31,938 DEBUG SCENELogger:25 - UPDATE - br.ufes.inf.lprm.scene.examples.shared.Person@33065d67
22:40:31,938 DEBUG SynchronizedPropagationList:128 - Engine resumed
22:40:31,939 DEBUG DefaultAgenda:1331 - Fire Loop
22:40:31,940 DEBUG SynchronizedPropagationList:123 - Engine wait
22:40:34,944 DEBUG SynchronizedPropagationList:128 - Engine resumed
22:40:34,944 DEBUG DefaultAgenda:1331 - Fire Loop
22:40:34,944 DEBUG SCENELogger:25 - UPDATE - br.ufes.inf.lprm.scene.examples.shared.Person@33065d67
22:40:34,945 DEBUG SynchronizedPropagationList:123 - Engine wait
22:40:35,949 DEBUG SCENELogger:25 - UPDATE - br.ufes.inf.lprm.scene.examples.shared.Person@33065d67
22:40:35,949 DEBUG SynchronizedPropagationList:128 - Engine resumed
22:40:35,949 DEBUG DefaultAgenda:1331 - Fire Loop
22:40:35,949 DEBUG SynchronizedPropagationList:123 - Engine wait
22:40:38,951 DEBUG SynchronizedPropagationList:128 - Engine resumed
22:40:38,951 DEBUG DefaultAgenda:1331 - Fire Loop
22:40:38,951 DEBUG SCENELogger:25 - UPDATE - br.ufes.inf.lprm.scene.examples.shared.Person@33065d67
22:40:38,951 DEBUG SynchronizedPropagationList:123 - Engine wait
22:40:41,953 DEBUG SynchronizedPropagationList:128 - Engine resumed
22:40:41,953 DEBUG DefaultAgenda:1331 - Fire Loop
22:40:41,953 DEBUG SCENELogger:25 - UPDATE - br.ufes.inf.lprm.scene.examples.shared.Person@33065d67
22:40:41,953 DEBUG SynchronizedPropagationList:123 - Engine wait
22:40:44,954 DEBUG SynchronizedPropagationList:128 - Engine resumed
22:40:44,954 DEBUG DefaultAgenda:1331 - Fire Loop
22:40:44,954 DEBUG SynchronizedPropagationList:123 - Engine wait
22:40:44,954 DEBUG SCENELogger:25 - UPDATE - br.ufes.inf.lprm.scene.examples.shared.Person@33065d67
22:40:47,958 DEBUG SynchronizedPropagationList:128 - Engine resumed
22:40:47,958 DEBUG SCENELogger:25 - UPDATE - br.ufes.inf.lprm.scene.examples.shared.Person@33065d67
22:40:47,958 DEBUG DefaultAgenda:1331 - Fire Loop
22:40:47,958 DEBUG SynchronizedPropagationList:123 - Engine wait
22:40:50,958 DEBUG SynchronizedPropagationList:128 - Engine resumed
22:40:50,959 DEBUG DefaultAgenda:1331 - Fire Loop
22:40:50,958 DEBUG SCENELogger:25 - UPDATE - br.ufes.inf.lprm.scene.examples.shared.Person@33065d67
22:40:50,959 DEBUG SynchronizedPropagationList:123 - Engine wait
22:40:53,961 DEBUG SCENELogger:25 - UPDATE - br.ufes.inf.lprm.scene.examples.shared.Person@33065d67
22:40:53,961 DEBUG SynchronizedPropagationList:128 - Engine resumed
22:40:53,962 DEBUG DefaultAgenda:1331 - Fire Loop
22:40:53,962 DEBUG SynchronizedPropagationList:123 - Engine wait
22:40:54,962 DEBUG SynchronizedPropagationList:128 - Engine resumed
22:40:54,962 DEBUG DefaultAgenda:1331 - Fire Loop
22:40:54,962 DEBUG SynchronizedPropagationList:123 - Engine wait
22:40:54,962 DEBUG SCENELogger:25 - UPDATE - br.ufes.inf.lprm.scene.examples.shared.Person@33065d67
22:40:57,963 DEBUG SynchronizedPropagationList:128 - Engine resumed
22:40:57,964 DEBUG DefaultAgenda:1331 - Fire Loop
22:40:57,963 DEBUG SCENELogger:25 - UPDATE - br.ufes.inf.lprm.scene.examples.shared.Person@33065d67
22:40:57,964 DEBUG SynchronizedPropagationList:123 - Engine wait
22:41:00,970 DEBUG SynchronizedPropagationList:128 - Engine resumed
22:41:00,970 DEBUG DefaultAgenda:1331 - Fire Loop
22:41:00,970 DEBUG SCENELogger:25 - UPDATE - br.ufes.inf.lprm.scene.examples.shared.Person@33065d67
22:41:00,970 DEBUG SynchronizedPropagationList:123 - Engine wait
22:41:03,973 DEBUG SynchronizedPropagationList:128 - Engine resumed
22:41:03,973 DEBUG DefaultAgenda:1331 - Fire Loop
22:41:03,973 DEBUG SynchronizedPropagationList:123 - Engine wait
22:41:03,973 DEBUG SCENELogger:25 - UPDATE - br.ufes.inf.lprm.scene.examples.shared.Person@33065d67
22:41:06,976 DEBUG SynchronizedPropagationList:128 - Engine resumed
22:41:06,976 DEBUG DefaultAgenda:1331 - Fire Loop
22:41:06,976 DEBUG SynchronizedPropagationList:123 - Engine wait
22:41:06,976 DEBUG SCENELogger:25 - UPDATE - br.ufes.inf.lprm.scene.examples.shared.Person@33065d67
22:41:09,979 DEBUG SCENELogger:25 - UPDATE - br.ufes.inf.lprm.scene.examples.shared.Person@33065d67
22:41:09,979 DEBUG SynchronizedPropagationList:128 - Engine resumed
22:41:09,979 DEBUG DefaultAgenda:1331 - Fire Loop
22:41:09,979 DEBUG SynchronizedPropagationList:123 - Engine wait
22:41:12,984 DEBUG SynchronizedPropagationList:128 - Engine resumed
22:41:12,984 DEBUG SCENELogger:25 - UPDATE - br.ufes.inf.lprm.scene.examples.shared.Person@33065d67
22:41:12,985 DEBUG DefaultAgenda:1331 - Fire Loop
22:41:12,986 DEBUG SynchronizedPropagationList:123 - Engine wait
22:41:13,991 DEBUG SCENELogger:25 - UPDATE - br.ufes.inf.lprm.scene.examples.shared.Person@33065d67
22:41:13,991 DEBUG SynchronizedPropagationList:128 - Engine resumed
22:41:13,992 DEBUG DefaultAgenda:1331 - Fire Loop
22:41:13,992 DEBUG SynchronizedPropagationList:123 - Engine wait
22:41:16,995 DEBUG SynchronizedPropagationList:128 - Engine resumed
22:41:16,996 DEBUG DefaultAgenda:1331 - Fire Loop
22:41:16,996 DEBUG SCENELogger:25 - UPDATE - br.ufes.inf.lprm.scene.examples.shared.Person@33065d67
22:41:16,996 DEBUG SynchronizedPropagationList:123 - Engine wait
22:41:20,000 DEBUG SCENELogger:25 - UPDATE - br.ufes.inf.lprm.scene.examples.shared.Person@33065d67
22:41:20,000 DEBUG SynchronizedPropagationList:128 - Engine resumed
22:41:20,000 DEBUG DefaultAgenda:1331 - Fire Loop
22:41:20,000 DEBUG SynchronizedPropagationList:123 - Engine wait
22:41:23,004 DEBUG SynchronizedPropagationList:128 - Engine resumed
22:41:23,005 DEBUG DefaultAgenda:1331 - Fire Loop
22:41:23,004 DEBUG SCENELogger:25 - UPDATE - br.ufes.inf.lprm.scene.examples.shared.Person@33065d67
22:41:23,006 DEBUG SynchronizedPropagationList:123 - Engine wait
22:41:26,011 DEBUG SynchronizedPropagationList:128 - Engine resumed
22:41:26,011 DEBUG DefaultAgenda:1331 - Fire Loop
22:41:26,011 DEBUG SCENELogger:25 - UPDATE - br.ufes.inf.lprm.scene.examples.shared.Person@33065d67
22:41:26,011 DEBUG SynchronizedPropagationList:123 - Engine wait
22:41:29,012 DEBUG SCENELogger:25 - UPDATE - br.ufes.inf.lprm.scene.examples.shared.Person@33065d67
22:41:29,012 DEBUG SynchronizedPropagationList:128 - Engine resumed
22:41:29,012 DEBUG DefaultAgenda:1331 - Fire Loop
22:41:29,012 DEBUG SynchronizedPropagationList:123 - Engine wait
22:41:32,013 DEBUG SynchronizedPropagationList:128 - Engine resumed
22:41:32,013 DEBUG DefaultAgenda:1331 - Fire Loop
22:41:32,013 DEBUG SCENELogger:25 - UPDATE - br.ufes.inf.lprm.scene.examples.shared.Person@33065d67
22:41:32,013 DEBUG SynchronizedPropagationList:123 - Engine wait
22:41:33,015 DEBUG SynchronizedPropagationList:128 - Engine resumed
22:41:33,015 DEBUG DefaultAgenda:1331 - Fire Loop
22:41:33,015 DEBUG SCENELogger:25 - UPDATE - br.ufes.inf.lprm.scene.examples.shared.Person@33065d67
22:41:33,015 DEBUG SynchronizedPropagationList:123 - Engine wait
22:41:36,016 DEBUG SCENELogger:25 - UPDATE - br.ufes.inf.lprm.scene.examples.shared.Person@33065d67
22:41:36,016 DEBUG SynchronizedPropagationList:128 - Engine resumed
22:41:36,017 DEBUG DefaultAgenda:1331 - Fire Loop
22:41:36,017 DEBUG SynchronizedPropagationList:123 - Engine wait
22:41:39,019 DEBUG SynchronizedPropagationList:128 - Engine resumed
22:41:39,019 DEBUG DefaultAgenda:1331 - Fire Loop
22:41:39,019 DEBUG SCENELogger:25 - UPDATE - br.ufes.inf.lprm.scene.examples.shared.Person@33065d67
22:41:39,019 DEBUG SynchronizedPropagationList:123 - Engine wait
22:41:42,022 DEBUG SynchronizedPropagationList:128 - Engine resumed
22:41:42,023 DEBUG DefaultAgenda:1331 - Fire Loop
22:41:42,022 DEBUG SCENELogger:25 - UPDATE - br.ufes.inf.lprm.scene.examples.shared.Person@33065d67
22:41:42,023 DEBUG SynchronizedPropagationList:123 - Engine wait
22:41:45,027 DEBUG SynchronizedPropagationList:128 - Engine resumed
22:41:45,027 DEBUG DefaultAgenda:1331 - Fire Loop
22:41:45,027 DEBUG SCENELogger:25 - UPDATE - br.ufes.inf.lprm.scene.examples.shared.Person@33065d67
22:41:45,027 DEBUG SynchronizedPropagationList:123 - Engine wait
22:41:48,029 DEBUG SynchronizedPropagationList:128 - Engine resumed
22:41:48,030 DEBUG DefaultAgenda:1331 - Fire Loop
22:41:48,030 DEBUG SynchronizedPropagationList:123 - Engine wait
22:41:48,030 DEBUG SCENELogger:25 - UPDATE - br.ufes.inf.lprm.scene.examples.shared.Person@33065d67
22:41:51,031 DEBUG SCENELogger:25 - UPDATE - br.ufes.inf.lprm.scene.examples.shared.Person@33065d67
22:41:51,031 DEBUG SynchronizedPropagationList:128 - Engine resumed
22:41:51,031 DEBUG DefaultAgenda:1331 - Fire Loop
22:41:51,031 DEBUG SynchronizedPropagationList:123 - Engine wait
22:41:52,036 DEBUG SCENELogger:25 - UPDATE - br.ufes.inf.lprm.scene.examples.shared.Person@33065d67
22:41:52,036 DEBUG SynchronizedPropagationList:128 - Engine resumed
22:41:52,036 DEBUG DefaultAgenda:1331 - Fire Loop
22:41:52,037 DEBUG SynchronizedPropagationList:123 - Engine wait
22:41:55,038 DEBUG SynchronizedPropagationList:128 - Engine resumed
22:41:55,038 DEBUG DefaultAgenda:1331 - Fire Loop
22:41:55,038 DEBUG SynchronizedPropagationList:123 - Engine wait
22:41:55,038 DEBUG SCENELogger:25 - UPDATE - br.ufes.inf.lprm.scene.examples.shared.Person@33065d67
22:41:58,040 DEBUG SynchronizedPropagationList:128 - Engine resumed
22:41:58,040 DEBUG DefaultAgenda:1331 - Fire Loop
22:41:58,040 DEBUG SCENELogger:25 - UPDATE - br.ufes.inf.lprm.scene.examples.shared.Person@33065d67
22:41:58,040 DEBUG SynchronizedPropagationList:123 - Engine wait
22:42:01,046 DEBUG SynchronizedPropagationList:128 - Engine resumed
22:42:01,046 DEBUG DefaultAgenda:1331 - Fire Loop
22:42:01,046 DEBUG SynchronizedPropagationList:123 - Engine wait
22:42:01,046 DEBUG SCENELogger:25 - UPDATE - br.ufes.inf.lprm.scene.examples.shared.Person@33065d67
22:42:04,048 DEBUG SynchronizedPropagationList:128 - Engine resumed
22:42:04,049 DEBUG DefaultAgenda:1331 - Fire Loop
22:42:04,049 DEBUG SynchronizedPropagationList:123 - Engine wait
22:42:04,048 DEBUG SCENELogger:25 - UPDATE - br.ufes.inf.lprm.scene.examples.shared.Person@33065d67
22:42:07,049 DEBUG SCENELogger:25 - UPDATE - br.ufes.inf.lprm.scene.examples.shared.Person@33065d67
22:42:07,049 DEBUG SynchronizedPropagationList:128 - Engine resumed
22:42:07,050 DEBUG DefaultAgenda:1331 - Fire Loop
22:42:07,050 DEBUG SynchronizedPropagationList:123 - Engine wait
22:42:10,052 DEBUG SCENELogger:25 - UPDATE - br.ufes.inf.lprm.scene.examples.shared.Person@33065d67
22:42:10,052 DEBUG SynchronizedPropagationList:128 - Engine resumed
22:42:10,053 DEBUG DefaultAgenda:1331 - Fire Loop
22:42:10,054 DEBUG SynchronizedPropagationList:123 - Engine wait
22:42:11,054 DEBUG SynchronizedPropagationList:128 - Engine resumed
22:42:11,055 DEBUG DefaultAgenda:1331 - Fire Loop
22:42:11,054 DEBUG SCENELogger:25 - UPDATE - br.ufes.inf.lprm.scene.examples.shared.Person@33065d67
22:42:11,055 DEBUG SynchronizedPropagationList:123 - Engine wait
22:42:14,058 DEBUG SynchronizedPropagationList:128 - Engine resumed
22:42:14,058 DEBUG DefaultAgenda:1331 - Fire Loop
22:42:14,058 DEBUG SCENELogger:25 - UPDATE - br.ufes.inf.lprm.scene.examples.shared.Person@33065d67
22:42:14,058 DEBUG SynchronizedPropagationList:123 - Engine wait
22:42:17,061 DEBUG SCENELogger:25 - UPDATE - br.ufes.inf.lprm.scene.examples.shared.Person@33065d67
22:42:17,061 DEBUG SynchronizedPropagationList:128 - Engine resumed
22:42:17,062 DEBUG DefaultAgenda:1331 - Fire Loop
22:42:17,062 DEBUG SynchronizedPropagationList:123 - Engine wait
22:42:20,062 DEBUG SynchronizedPropagationList:128 - Engine resumed
22:42:20,063 DEBUG DefaultAgenda:1331 - Fire Loop
22:42:20,062 DEBUG SCENELogger:25 - UPDATE - br.ufes.inf.lprm.scene.examples.shared.Person@33065d67
22:42:20,063 DEBUG SynchronizedPropagationList:123 - Engine wait
22:42:23,068 DEBUG SynchronizedPropagationList:128 - Engine resumed
22:42:23,069 DEBUG DefaultAgenda:1331 - Fire Loop
22:42:23,069 DEBUG SynchronizedPropagationList:123 - Engine wait
22:42:23,068 DEBUG SCENELogger:25 - UPDATE - br.ufes.inf.lprm.scene.examples.shared.Person@33065d67
22:42:26,073 DEBUG SCENELogger:25 - UPDATE - br.ufes.inf.lprm.scene.examples.shared.Person@33065d67
22:42:26,073 DEBUG SynchronizedPropagationList:128 - Engine resumed
22:42:26,073 DEBUG DefaultAgenda:1331 - Fire Loop
22:42:26,074 DEBUG SynchronizedPropagationList:123 - Engine wait
22:42:29,075 DEBUG SCENELogger:25 - UPDATE - br.ufes.inf.lprm.scene.examples.shared.Person@33065d67
22:42:29,075 DEBUG SynchronizedPropagationList:128 - Engine resumed
22:42:29,076 DEBUG DefaultAgenda:1331 - Fire Loop
22:42:29,076 DEBUG SynchronizedPropagationList:123 - Engine wait
22:42:30,077 DEBUG SynchronizedPropagationList:128 - Engine resumed
22:42:30,077 DEBUG DefaultAgenda:1331 - Fire Loop
22:42:30,077 DEBUG SCENELogger:25 - UPDATE - br.ufes.inf.lprm.scene.examples.shared.Person@33065d67
22:42:30,077 DEBUG SynchronizedPropagationList:123 - Engine wait
22:42:33,082 DEBUG SynchronizedPropagationList:128 - Engine resumed
22:42:33,082 DEBUG DefaultAgenda:1331 - Fire Loop
22:42:33,082 DEBUG SynchronizedPropagationList:123 - Engine wait
22:42:33,082 DEBUG SCENELogger:25 - UPDATE - br.ufes.inf.lprm.scene.examples.shared.Person@33065d67
22:42:36,087 DEBUG SCENELogger:25 - UPDATE - br.ufes.inf.lprm.scene.examples.shared.Person@33065d67
22:42:36,087 DEBUG SynchronizedPropagationList:128 - Engine resumed
22:42:36,087 DEBUG DefaultAgenda:1331 - Fire Loop
22:42:36,087 DEBUG SynchronizedPropagationList:123 - Engine wait
22:42:39,091 DEBUG SynchronizedPropagationList:128 - Engine resumed
22:42:39,091 DEBUG DefaultAgenda:1331 - Fire Loop
22:42:39,091 DEBUG SynchronizedPropagationList:123 - Engine wait
22:42:39,091 DEBUG SCENELogger:25 - UPDATE - br.ufes.inf.lprm.scene.examples.shared.Person@33065d67
22:42:42,094 DEBUG SCENELogger:25 - UPDATE - br.ufes.inf.lprm.scene.examples.shared.Person@33065d67
22:42:42,094 DEBUG SynchronizedPropagationList:128 - Engine resumed
22:42:42,095 DEBUG DefaultAgenda:1331 - Fire Loop
22:42:42,095 DEBUG SynchronizedPropagationList:123 - Engine wait
22:42:45,098 DEBUG SynchronizedPropagationList:128 - Engine resumed
22:42:45,098 DEBUG DefaultAgenda:1331 - Fire Loop
22:42:45,098 DEBUG SCENELogger:25 - UPDATE - br.ufes.inf.lprm.scene.examples.shared.Person@33065d67
22:42:45,098 DEBUG SynchronizedPropagationList:123 - Engine wait
22:42:48,102 DEBUG SCENELogger:25 - UPDATE - br.ufes.inf.lprm.scene.examples.shared.Person@33065d67
22:42:48,102 DEBUG SynchronizedPropagationList:128 - Engine resumed
22:42:48,102 DEBUG DefaultAgenda:1331 - Fire Loop
22:42:48,102 DEBUG SynchronizedPropagationList:123 - Engine wait
22:42:49,106 DEBUG SynchronizedPropagationList:128 - Engine resumed
22:42:49,107 DEBUG DefaultAgenda:1331 - Fire Loop
22:42:49,106 DEBUG SCENELogger:25 - UPDATE - br.ufes.inf.lprm.scene.examples.shared.Person@33065d67
22:42:49,107 DEBUG SynchronizedPropagationList:123 - Engine wait
22:42:52,110 DEBUG SynchronizedPropagationList:128 - Engine resumed
22:42:52,110 DEBUG DefaultAgenda:1331 - Fire Loop
22:42:52,110 DEBUG SynchronizedPropagationList:123 - Engine wait
22:42:52,110 DEBUG SCENELogger:25 - UPDATE - br.ufes.inf.lprm.scene.examples.shared.Person@33065d67
22:42:55,113 DEBUG SynchronizedPropagationList:128 - Engine resumed
22:42:55,114 DEBUG DefaultAgenda:1331 - Fire Loop
22:42:55,113 DEBUG SCENELogger:25 - UPDATE - br.ufes.inf.lprm.scene.examples.shared.Person@33065d67
22:42:55,114 DEBUG SynchronizedPropagationList:123 - Engine wait
22:42:58,119 DEBUG SCENELogger:25 - UPDATE - br.ufes.inf.lprm.scene.examples.shared.Person@33065d67
22:42:58,119 DEBUG SynchronizedPropagationList:128 - Engine resumed
22:42:58,119 DEBUG DefaultAgenda:1331 - Fire Loop
22:42:58,119 DEBUG SynchronizedPropagationList:123 - Engine wait
22:43:01,121 DEBUG SynchronizedPropagationList:128 - Engine resumed
22:43:01,122 DEBUG DefaultAgenda:1331 - Fire Loop
22:43:01,122 DEBUG SynchronizedPropagationList:123 - Engine wait
22:43:01,121 DEBUG SCENELogger:25 - UPDATE - br.ufes.inf.lprm.scene.examples.shared.Person@33065d67
22:43:04,126 DEBUG SCENELogger:25 - UPDATE - br.ufes.inf.lprm.scene.examples.shared.Person@33065d67
22:43:04,126 DEBUG SynchronizedPropagationList:128 - Engine resumed
22:43:04,126 DEBUG DefaultAgenda:1331 - Fire Loop
22:43:04,126 DEBUG SynchronizedPropagationList:123 - Engine wait
22:43:07,129 DEBUG SynchronizedPropagationList:128 - Engine resumed
22:43:07,130 DEBUG DefaultAgenda:1331 - Fire Loop
22:43:07,129 DEBUG SCENELogger:25 - UPDATE - br.ufes.inf.lprm.scene.examples.shared.Person@33065d67
22:43:07,130 DEBUG SynchronizedPropagationList:123 - Engine wait
22:43:08,132 DEBUG SCENELogger:25 - UPDATE - br.ufes.inf.lprm.scene.examples.shared.Person@33065d67
22:43:08,132 DEBUG SynchronizedPropagationList:128 - Engine resumed
22:43:08,133 DEBUG DefaultAgenda:1331 - Fire Loop
22:43:08,134 DEBUG SynchronizedPropagationList:123 - Engine wait
22:43:11,137 DEBUG SCENELogger:25 - UPDATE - br.ufes.inf.lprm.scene.examples.shared.Person@33065d67
22:43:11,137 DEBUG SynchronizedPropagationList:128 - Engine resumed
22:43:11,137 DEBUG DefaultAgenda:1331 - Fire Loop
22:43:11,137 DEBUG SynchronizedPropagationList:123 - Engine wait
22:43:14,141 DEBUG SCENELogger:25 - UPDATE - br.ufes.inf.lprm.scene.examples.shared.Person@33065d67
22:43:14,141 DEBUG SynchronizedPropagationList:128 - Engine resumed
22:43:14,142 DEBUG DefaultAgenda:1331 - Fire Loop
22:43:14,142 DEBUG SynchronizedPropagationList:123 - Engine wait
22:43:17,146 DEBUG SCENELogger:25 - UPDATE - br.ufes.inf.lprm.scene.examples.shared.Person@33065d67
22:43:17,146 DEBUG SynchronizedPropagationList:128 - Engine resumed
22:43:17,147 DEBUG DefaultAgenda:1331 - Fire Loop
22:43:17,148 DEBUG SynchronizedPropagationList:123 - Engine wait
22:43:20,149 DEBUG SynchronizedPropagationList:128 - Engine resumed
22:43:20,149 DEBUG SCENELogger:25 - UPDATE - br.ufes.inf.lprm.scene.examples.shared.Person@33065d67
22:43:20,149 DEBUG DefaultAgenda:1331 - Fire Loop
22:43:20,150 DEBUG SynchronizedPropagationList:123 - Engine wait
22:43:23,153 DEBUG SCENELogger:25 - UPDATE - br.ufes.inf.lprm.scene.examples.shared.Person@33065d67
22:43:23,153 DEBUG SynchronizedPropagationList:128 - Engine resumed
22:43:23,153 DEBUG DefaultAgenda:1331 - Fire Loop
22:43:23,153 DEBUG SynchronizedPropagationList:123 - Engine wait
22:43:26,155 DEBUG SynchronizedPropagationList:128 - Engine resumed
22:43:26,156 DEBUG DefaultAgenda:1331 - Fire Loop
22:43:26,156 DEBUG SCENELogger:25 - UPDATE - br.ufes.inf.lprm.scene.examples.shared.Person@33065d67
22:43:26,156 DEBUG SynchronizedPropagationList:123 - Engine wait
22:43:27,158 DEBUG SCENELogger:25 - UPDATE - br.ufes.inf.lprm.scene.examples.shared.Person@33065d67
22:43:27,159 DEBUG SynchronizedPropagationList:128 - Engine resumed
22:43:27,159 DEBUG DefaultAgenda:1331 - Fire Loop
22:43:27,159 DEBUG SynchronizedPropagationList:123 - Engine wait
22:43:30,162 DEBUG SynchronizedPropagationList:128 - Engine resumed
22:43:30,162 DEBUG SCENELogger:25 - UPDATE - br.ufes.inf.lprm.scene.examples.shared.Person@33065d67
22:43:30,163 DEBUG DefaultAgenda:1331 - Fire Loop
22:43:30,163 DEBUG SynchronizedPropagationList:123 - Engine wait
22:43:33,168 DEBUG SCENELogger:25 - UPDATE - br.ufes.inf.lprm.scene.examples.shared.Person@33065d67
22:43:33,168 DEBUG SynchronizedPropagationList:128 - Engine resumed
22:43:33,168 DEBUG DefaultAgenda:1331 - Fire Loop
22:43:33,168 DEBUG SynchronizedPropagationList:123 - Engine wait
22:43:36,171 DEBUG SCENELogger:25 - UPDATE - br.ufes.inf.lprm.scene.examples.shared.Person@33065d67
22:43:36,171 DEBUG SynchronizedPropagationList:128 - Engine resumed
22:43:36,172 DEBUG DefaultAgenda:1331 - Fire Loop
22:43:36,173 DEBUG SynchronizedPropagationList:123 - Engine wait
22:43:39,174 DEBUG SynchronizedPropagationList:128 - Engine resumed
22:43:39,174 DEBUG DefaultAgenda:1331 - Fire Loop
22:43:39,174 DEBUG SynchronizedPropagationList:123 - Engine wait
22:43:39,174 DEBUG SCENELogger:25 - UPDATE - br.ufes.inf.lprm.scene.examples.shared.Person@33065d67
22:43:42,179 DEBUG SynchronizedPropagationList:128 - Engine resumed
22:43:42,180 DEBUG DefaultAgenda:1331 - Fire Loop
22:43:42,179 DEBUG SCENELogger:25 - UPDATE - br.ufes.inf.lprm.scene.examples.shared.Person@33065d67
22:43:42,180 DEBUG SynchronizedPropagationList:123 - Engine wait
22:43:45,182 DEBUG SynchronizedPropagationList:128 - Engine resumed
22:43:45,183 DEBUG DefaultAgenda:1331 - Fire Loop
22:43:45,183 DEBUG SCENELogger:25 - UPDATE - br.ufes.inf.lprm.scene.examples.shared.Person@33065d67
22:43:45,183 DEBUG SynchronizedPropagationList:123 - Engine wait
22:43:46,185 DEBUG SynchronizedPropagationList:128 - Engine resumed
22:43:46,185 DEBUG DefaultAgenda:1331 - Fire Loop
22:43:46,185 DEBUG SCENELogger:25 - UPDATE - br.ufes.inf.lprm.scene.examples.shared.Person@33065d67
22:43:46,186 DEBUG SynchronizedPropagationList:123 - Engine wait
22:43:49,190 DEBUG SynchronizedPropagationList:128 - Engine resumed
22:43:49,190 DEBUG SCENELogger:25 - UPDATE - br.ufes.inf.lprm.scene.examples.shared.Person@33065d67
22:43:49,190 DEBUG DefaultAgenda:1331 - Fire Loop
22:43:49,191 DEBUG SynchronizedPropagationList:123 - Engine wait
22:43:52,193 DEBUG SCENELogger:25 - UPDATE - br.ufes.inf.lprm.scene.examples.shared.Person@33065d67
22:43:52,193 DEBUG SynchronizedPropagationList:128 - Engine resumed
22:43:52,194 DEBUG DefaultAgenda:1331 - Fire Loop
22:43:52,195 DEBUG SynchronizedPropagationList:123 - Engine wait
22:43:55,195 DEBUG SCENELogger:25 - UPDATE - br.ufes.inf.lprm.scene.examples.shared.Person@33065d67
22:43:55,195 DEBUG SynchronizedPropagationList:128 - Engine resumed
22:43:55,196 DEBUG DefaultAgenda:1331 - Fire Loop
22:43:55,196 DEBUG SynchronizedPropagationList:123 - Engine wait
22:43:58,198 DEBUG SCENELogger:25 - UPDATE - br.ufes.inf.lprm.scene.examples.shared.Person@33065d67
22:43:58,198 DEBUG SynchronizedPropagationList:128 - Engine resumed
22:43:58,198 DEBUG DefaultAgenda:1331 - Fire Loop
22:43:58,198 DEBUG SynchronizedPropagationList:123 - Engine wait
22:44:01,204 DEBUG SCENELogger:25 - UPDATE - br.ufes.inf.lprm.scene.examples.shared.Person@33065d67
22:44:01,204 DEBUG SynchronizedPropagationList:128 - Engine resumed
22:44:01,204 DEBUG DefaultAgenda:1331 - Fire Loop
22:44:01,204 DEBUG SynchronizedPropagationList:123 - Engine wait
22:44:04,206 DEBUG SCENELogger:25 - UPDATE - br.ufes.inf.lprm.scene.examples.shared.Person@33065d67
22:44:04,207 DEBUG SynchronizedPropagationList:128 - Engine resumed
22:44:04,207 DEBUG DefaultAgenda:1331 - Fire Loop
22:44:04,207 DEBUG SynchronizedPropagationList:123 - Engine wait
22:44:05,208 DEBUG SynchronizedPropagationList:128 - Engine resumed
22:44:05,208 DEBUG DefaultAgenda:1331 - Fire Loop
22:44:05,208 DEBUG SCENELogger:25 - UPDATE - br.ufes.inf.lprm.scene.examples.shared.Person@33065d67
22:44:05,209 DEBUG SynchronizedPropagationList:123 - Engine wait
22:44:08,213 DEBUG SynchronizedPropagationList:128 - Engine resumed
22:44:08,213 DEBUG DefaultAgenda:1331 - Fire Loop
22:44:08,213 DEBUG SCENELogger:25 - UPDATE - br.ufes.inf.lprm.scene.examples.shared.Person@33065d67
22:44:08,213 DEBUG SynchronizedPropagationList:123 - Engine wait
22:44:11,217 DEBUG SCENELogger:25 - UPDATE - br.ufes.inf.lprm.scene.examples.shared.Person@33065d67
22:44:11,217 DEBUG SynchronizedPropagationList:128 - Engine resumed
22:44:11,217 DEBUG DefaultAgenda:1331 - Fire Loop
22:44:11,217 DEBUG SynchronizedPropagationList:123 - Engine wait
22:44:14,221 DEBUG SCENELogger:25 - UPDATE - br.ufes.inf.lprm.scene.examples.shared.Person@33065d67
22:44:14,221 DEBUG SynchronizedPropagationList:128 - Engine resumed
22:44:14,222 DEBUG DefaultAgenda:1331 - Fire Loop
22:44:14,222 DEBUG SynchronizedPropagationList:123 - Engine wait
22:44:17,223 DEBUG SynchronizedPropagationList:128 - Engine resumed
22:44:17,224 DEBUG DefaultAgenda:1331 - Fire Loop
22:44:17,223 DEBUG SCENELogger:25 - UPDATE - br.ufes.inf.lprm.scene.examples.shared.Person@33065d67
22:44:17,224 DEBUG SynchronizedPropagationList:123 - Engine wait
22:44:20,230 DEBUG SynchronizedPropagationList:128 - Engine resumed
22:44:20,230 DEBUG DefaultAgenda:1331 - Fire Loop
22:44:20,230 DEBUG SCENELogger:25 - UPDATE - br.ufes.inf.lprm.scene.examples.shared.Person@33065d67
22:44:20,230 DEBUG SynchronizedPropagationList:123 - Engine wait
22:44:23,231 DEBUG SCENELogger:25 - UPDATE - br.ufes.inf.lprm.scene.examples.shared.Person@33065d67
22:44:23,231 DEBUG SynchronizedPropagationList:128 - Engine resumed
22:44:23,231 DEBUG DefaultAgenda:1331 - Fire Loop
22:44:23,231 DEBUG SynchronizedPropagationList:123 - Engine wait
22:44:24,233 DEBUG SCENELogger:25 - UPDATE - br.ufes.inf.lprm.scene.examples.shared.Person@33065d67
22:44:24,233 DEBUG SynchronizedPropagationList:128 - Engine resumed
22:44:24,234 DEBUG DefaultAgenda:1331 - Fire Loop
22:44:24,234 DEBUG SynchronizedPropagationList:123 - Engine wait
22:44:27,237 DEBUG SynchronizedPropagationList:128 - Engine resumed
22:44:27,237 DEBUG SCENELogger:25 - UPDATE - br.ufes.inf.lprm.scene.examples.shared.Person@33065d67
22:44:27,238 DEBUG DefaultAgenda:1331 - Fire Loop
22:44:27,238 DEBUG SynchronizedPropagationList:123 - Engine wait
22:44:30,240 DEBUG SCENELogger:25 - UPDATE - br.ufes.inf.lprm.scene.examples.shared.Person@33065d67
22:44:30,240 DEBUG SynchronizedPropagationList:128 - Engine resumed
22:44:30,240 DEBUG DefaultAgenda:1331 - Fire Loop
22:44:30,241 DEBUG SynchronizedPropagationList:123 - Engine wait
22:44:33,242 DEBUG SynchronizedPropagationList:128 - Engine resumed
22:44:33,243 DEBUG DefaultAgenda:1331 - Fire Loop
22:44:33,242 DEBUG SCENELogger:25 - UPDATE - br.ufes.inf.lprm.scene.examples.shared.Person@33065d67
22:44:33,243 DEBUG SynchronizedPropagationList:123 - Engine wait
22:44:36,245 DEBUG SCENELogger:25 - UPDATE - br.ufes.inf.lprm.scene.examples.shared.Person@33065d67
22:44:36,245 DEBUG SynchronizedPropagationList:128 - Engine resumed
22:44:36,246 DEBUG DefaultAgenda:1331 - Fire Loop
22:44:36,246 DEBUG SynchronizedPropagationList:123 - Engine wait
22:44:39,249 DEBUG SynchronizedPropagationList:128 - Engine resumed
22:44:39,249 DEBUG DefaultAgenda:1331 - Fire Loop
22:44:39,249 DEBUG SCENELogger:25 - UPDATE - br.ufes.inf.lprm.scene.examples.shared.Person@33065d67
22:44:39,249 DEBUG SynchronizedPropagationList:123 - Engine wait
22:44:42,254 DEBUG SynchronizedPropagationList:128 - Engine resumed
22:44:42,255 DEBUG DefaultAgenda:1331 - Fire Loop
22:44:42,255 DEBUG SynchronizedPropagationList:123 - Engine wait
22:44:42,254 DEBUG SCENELogger:25 - UPDATE - br.ufes.inf.lprm.scene.examples.shared.Person@33065d67
22:44:43,258 DEBUG SynchronizedPropagationList:128 - Engine resumed
22:44:43,259 DEBUG DefaultAgenda:1331 - Fire Loop
22:44:43,258 DEBUG SCENELogger:25 - UPDATE - br.ufes.inf.lprm.scene.examples.shared.Person@33065d67
22:44:43,259 DEBUG SynchronizedPropagationList:123 - Engine wait
22:44:46,261 DEBUG SCENELogger:25 - UPDATE - br.ufes.inf.lprm.scene.examples.shared.Person@33065d67
22:44:46,261 DEBUG SynchronizedPropagationList:128 - Engine resumed
22:44:46,261 DEBUG DefaultAgenda:1331 - Fire Loop
22:44:46,261 DEBUG SynchronizedPropagationList:123 - Engine wait
22:44:49,265 DEBUG SynchronizedPropagationList:128 - Engine resumed
22:44:49,266 DEBUG DefaultAgenda:1331 - Fire Loop
22:44:49,265 DEBUG SCENELogger:25 - UPDATE - br.ufes.inf.lprm.scene.examples.shared.Person@33065d67
22:44:49,266 DEBUG SynchronizedPropagationList:123 - Engine wait
22:44:52,269 DEBUG SynchronizedPropagationList:128 - Engine resumed
22:44:52,270 DEBUG DefaultAgenda:1331 - Fire Loop
22:44:52,269 DEBUG SCENELogger:25 - UPDATE - br.ufes.inf.lprm.scene.examples.shared.Person@33065d67
22:44:52,270 DEBUG SynchronizedPropagationList:123 - Engine wait
22:44:55,276 DEBUG SCENELogger:25 - UPDATE - br.ufes.inf.lprm.scene.examples.shared.Person@33065d67
22:44:55,276 DEBUG SynchronizedPropagationList:128 - Engine resumed
22:44:55,276 DEBUG DefaultAgenda:1331 - Fire Loop
22:44:55,276 DEBUG SynchronizedPropagationList:123 - Engine wait
22:44:58,278 DEBUG SynchronizedPropagationList:128 - Engine resumed
22:44:58,278 DEBUG DefaultAgenda:1331 - Fire Loop
22:44:58,279 DEBUG SynchronizedPropagationList:123 - Engine wait
22:44:58,278 DEBUG SCENELogger:25 - UPDATE - br.ufes.inf.lprm.scene.examples.shared.Person@33065d67
22:45:01,284 DEBUG SCENELogger:25 - UPDATE - br.ufes.inf.lprm.scene.examples.shared.Person@33065d67
22:45:01,284 DEBUG SynchronizedPropagationList:128 - Engine resumed
22:45:01,284 DEBUG DefaultAgenda:1331 - Fire Loop
22:45:01,284 DEBUG SynchronizedPropagationList:123 - Engine wait
22:45:02,288 DEBUG SynchronizedPropagationList:128 - Engine resumed
22:45:02,288 DEBUG DefaultAgenda:1331 - Fire Loop
22:45:02,288 DEBUG SynchronizedPropagationList:123 - Engine wait
22:45:02,288 DEBUG SCENELogger:25 - UPDATE - br.ufes.inf.lprm.scene.examples.shared.Person@33065d67
22:45:05,292 DEBUG SynchronizedPropagationList:128 - Engine resumed
22:45:05,293 DEBUG DefaultAgenda:1331 - Fire Loop
22:45:05,292 DEBUG SCENELogger:25 - UPDATE - br.ufes.inf.lprm.scene.examples.shared.Person@33065d67
22:45:05,293 DEBUG SynchronizedPropagationList:123 - Engine wait
22:45:08,295 DEBUG SCENELogger:25 - UPDATE - br.ufes.inf.lprm.scene.examples.shared.Person@33065d67
22:45:08,295 DEBUG SynchronizedPropagationList:128 - Engine resumed
22:45:08,296 DEBUG DefaultAgenda:1331 - Fire Loop
22:45:08,296 DEBUG SynchronizedPropagationList:123 - Engine wait
22:45:11,298 DEBUG SynchronizedPropagationList:128 - Engine resumed
22:45:11,298 DEBUG DefaultAgenda:1331 - Fire Loop
22:45:11,298 DEBUG SCENELogger:25 - UPDATE - br.ufes.inf.lprm.scene.examples.shared.Person@33065d67
22:45:11,298 DEBUG SynchronizedPropagationList:123 - Engine wait
22:45:14,304 DEBUG SCENELogger:25 - UPDATE - br.ufes.inf.lprm.scene.examples.shared.Person@33065d67
22:45:14,304 DEBUG SynchronizedPropagationList:128 - Engine resumed
22:45:14,304 DEBUG DefaultAgenda:1331 - Fire Loop
22:45:14,304 DEBUG SynchronizedPropagationList:123 - Engine wait
22:45:17,308 DEBUG SCENELogger:25 - UPDATE - br.ufes.inf.lprm.scene.examples.shared.Person@33065d67
22:45:17,308 DEBUG SynchronizedPropagationList:128 - Engine resumed
22:45:17,308 DEBUG DefaultAgenda:1331 - Fire Loop
22:45:17,308 DEBUG SynchronizedPropagationList:123 - Engine wait
22:45:20,310 DEBUG SynchronizedPropagationList:128 - Engine resumed
22:45:20,310 DEBUG DefaultAgenda:1331 - Fire Loop
22:45:20,310 DEBUG SynchronizedPropagationList:123 - Engine wait
22:45:20,310 DEBUG SCENELogger:25 - UPDATE - br.ufes.inf.lprm.scene.examples.shared.Person@33065d67
22:45:21,311 DEBUG SynchronizedPropagationList:128 - Engine resumed
22:45:21,311 DEBUG DefaultAgenda:1331 - Fire Loop
22:45:21,311 DEBUG SCENELogger:25 - UPDATE - br.ufes.inf.lprm.scene.examples.shared.Person@33065d67
22:45:21,311 DEBUG SynchronizedPropagationList:123 - Engine wait
22:45:24,314 DEBUG SynchronizedPropagationList:128 - Engine resumed
22:45:24,314 DEBUG DefaultAgenda:1331 - Fire Loop
22:45:24,314 DEBUG SCENELogger:25 - UPDATE - br.ufes.inf.lprm.scene.examples.shared.Person@33065d67
22:45:24,314 DEBUG SynchronizedPropagationList:123 - Engine wait
22:45:27,316 DEBUG SCENELogger:25 - UPDATE - br.ufes.inf.lprm.scene.examples.shared.Person@33065d67
22:45:27,316 DEBUG SynchronizedPropagationList:128 - Engine resumed
22:45:27,316 DEBUG DefaultAgenda:1331 - Fire Loop
22:45:27,316 DEBUG SynchronizedPropagationList:123 - Engine wait
22:45:30,317 DEBUG SCENELogger:25 - UPDATE - br.ufes.inf.lprm.scene.examples.shared.Person@33065d67
22:45:30,317 DEBUG SynchronizedPropagationList:128 - Engine resumed
22:45:30,317 DEBUG DefaultAgenda:1331 - Fire Loop
22:45:30,317 DEBUG SynchronizedPropagationList:123 - Engine wait
22:45:33,322 DEBUG SynchronizedPropagationList:128 - Engine resumed
22:45:33,322 DEBUG DefaultAgenda:1331 - Fire Loop
22:45:33,322 DEBUG SCENELogger:25 - UPDATE - br.ufes.inf.lprm.scene.examples.shared.Person@33065d67
22:45:33,322 DEBUG SynchronizedPropagationList:123 - Engine wait
22:45:36,323 DEBUG SCENELogger:25 - UPDATE - br.ufes.inf.lprm.scene.examples.shared.Person@33065d67
22:45:36,323 DEBUG SynchronizedPropagationList:128 - Engine resumed
22:45:36,323 DEBUG DefaultAgenda:1331 - Fire Loop
22:45:36,323 DEBUG SynchronizedPropagationList:123 - Engine wait
22:45:39,327 DEBUG SCENELogger:25 - UPDATE - br.ufes.inf.lprm.scene.examples.shared.Person@33065d67
22:45:39,327 DEBUG SynchronizedPropagationList:128 - Engine resumed
22:45:39,327 DEBUG DefaultAgenda:1331 - Fire Loop
22:45:39,327 DEBUG SynchronizedPropagationList:123 - Engine wait
22:45:40,330 DEBUG SCENELogger:25 - UPDATE - br.ufes.inf.lprm.scene.examples.shared.Person@33065d67
22:45:40,330 DEBUG SynchronizedPropagationList:128 - Engine resumed
22:45:40,331 DEBUG DefaultAgenda:1331 - Fire Loop
22:45:40,331 DEBUG SynchronizedPropagationList:123 - Engine wait
22:45:43,336 DEBUG SCENELogger:25 - UPDATE - br.ufes.inf.lprm.scene.examples.shared.Person@33065d67
22:45:43,336 DEBUG SynchronizedPropagationList:128 - Engine resumed
22:45:43,336 DEBUG DefaultAgenda:1331 - Fire Loop
22:45:43,336 DEBUG SynchronizedPropagationList:123 - Engine wait
22:45:46,337 DEBUG SynchronizedPropagationList:128 - Engine resumed
22:45:46,337 DEBUG DefaultAgenda:1331 - Fire Loop
22:45:46,337 DEBUG SynchronizedPropagationList:123 - Engine wait
22:45:46,337 DEBUG SCENELogger:25 - UPDATE - br.ufes.inf.lprm.scene.examples.shared.Person@33065d67
22:45:49,339 DEBUG SynchronizedPropagationList:128 - Engine resumed
22:45:49,339 DEBUG DefaultAgenda:1331 - Fire Loop
22:45:49,339 DEBUG SynchronizedPropagationList:123 - Engine wait
22:45:49,339 DEBUG SCENELogger:25 - UPDATE - br.ufes.inf.lprm.scene.examples.shared.Person@33065d67
22:45:52,340 DEBUG SynchronizedPropagationList:128 - Engine resumed
22:45:52,340 DEBUG DefaultAgenda:1331 - Fire Loop
22:45:52,340 DEBUG SCENELogger:25 - UPDATE - br.ufes.inf.lprm.scene.examples.shared.Person@33065d67
22:45:52,340 DEBUG SynchronizedPropagationList:123 - Engine wait
22:45:55,343 DEBUG SCENELogger:25 - UPDATE - br.ufes.inf.lprm.scene.examples.shared.Person@33065d67
22:45:55,343 DEBUG SynchronizedPropagationList:128 - Engine resumed
22:45:55,344 DEBUG DefaultAgenda:1331 - Fire Loop
22:45:55,344 DEBUG SynchronizedPropagationList:123 - Engine wait
22:45:58,349 DEBUG SCENELogger:25 - UPDATE - br.ufes.inf.lprm.scene.examples.shared.Person@33065d67
22:45:58,349 DEBUG SynchronizedPropagationList:128 - Engine resumed
22:45:58,349 DEBUG DefaultAgenda:1331 - Fire Loop
22:45:58,349 DEBUG SynchronizedPropagationList:123 - Engine wait
22:45:59,354 DEBUG SCENELogger:25 - UPDATE - br.ufes.inf.lprm.scene.examples.shared.Person@33065d67
22:45:59,354 DEBUG SynchronizedPropagationList:128 - Engine resumed
22:45:59,355 DEBUG DefaultAgenda:1331 - Fire Loop
22:45:59,355 DEBUG SynchronizedPropagationList:123 - Engine wait
22:46:02,355 DEBUG SynchronizedPropagationList:128 - Engine resumed
22:46:02,356 DEBUG DefaultAgenda:1331 - Fire Loop
22:46:02,355 DEBUG SCENELogger:25 - UPDATE - br.ufes.inf.lprm.scene.examples.shared.Person@33065d67
22:46:02,356 DEBUG SynchronizedPropagationList:123 - Engine wait
22:46:05,358 DEBUG SynchronizedPropagationList:128 - Engine resumed
22:46:05,358 DEBUG DefaultAgenda:1331 - Fire Loop
22:46:05,358 DEBUG SynchronizedPropagationList:123 - Engine wait
22:46:05,358 DEBUG SCENELogger:25 - UPDATE - br.ufes.inf.lprm.scene.examples.shared.Person@33065d67
22:46:08,362 DEBUG SCENELogger:25 - UPDATE - br.ufes.inf.lprm.scene.examples.shared.Person@33065d67
22:46:08,362 DEBUG SynchronizedPropagationList:128 - Engine resumed
22:46:08,363 DEBUG DefaultAgenda:1331 - Fire Loop
22:46:08,363 DEBUG SynchronizedPropagationList:123 - Engine wait
22:46:11,367 DEBUG SCENELogger:25 - UPDATE - br.ufes.inf.lprm.scene.examples.shared.Person@33065d67
22:46:11,367 DEBUG SynchronizedPropagationList:128 - Engine resumed
22:46:11,367 DEBUG DefaultAgenda:1331 - Fire Loop
22:46:11,367 DEBUG SynchronizedPropagationList:123 - Engine wait
22:46:14,368 DEBUG SynchronizedPropagationList:128 - Engine resumed
22:46:14,368 DEBUG DefaultAgenda:1331 - Fire Loop
22:46:14,368 DEBUG SynchronizedPropagationList:123 - Engine wait
22:46:14,368 DEBUG SCENELogger:25 - UPDATE - br.ufes.inf.lprm.scene.examples.shared.Person@33065d67
22:46:17,369 DEBUG SCENELogger:25 - UPDATE - br.ufes.inf.lprm.scene.examples.shared.Person@33065d67
22:46:17,369 DEBUG SynchronizedPropagationList:128 - Engine resumed
22:46:17,370 DEBUG DefaultAgenda:1331 - Fire Loop
22:46:17,370 DEBUG SynchronizedPropagationList:123 - Engine wait
22:46:18,374 DEBUG SCENELogger:25 - UPDATE - br.ufes.inf.lprm.scene.examples.shared.Person@33065d67
22:46:18,374 DEBUG SynchronizedPropagationList:128 - Engine resumed
22:46:18,374 DEBUG DefaultAgenda:1331 - Fire Loop
22:46:18,375 DEBUG SynchronizedPropagationList:123 - Engine wait
22:46:21,380 DEBUG SCENELogger:25 - UPDATE - br.ufes.inf.lprm.scene.examples.shared.Person@33065d67
22:46:21,380 DEBUG SynchronizedPropagationList:128 - Engine resumed
22:46:21,380 DEBUG DefaultAgenda:1331 - Fire Loop
22:46:21,380 DEBUG SynchronizedPropagationList:123 - Engine wait
22:46:24,384 DEBUG SynchronizedPropagationList:128 - Engine resumed
22:46:24,384 DEBUG DefaultAgenda:1331 - Fire Loop
22:46:24,384 DEBUG SynchronizedPropagationList:123 - Engine wait
22:46:24,384 DEBUG SCENELogger:25 - UPDATE - br.ufes.inf.lprm.scene.examples.shared.Person@33065d67
22:46:27,386 DEBUG SynchronizedPropagationList:128 - Engine resumed
22:46:27,386 DEBUG DefaultAgenda:1331 - Fire Loop
22:46:27,386 DEBUG SynchronizedPropagationList:123 - Engine wait
22:46:27,386 DEBUG SCENELogger:25 - UPDATE - br.ufes.inf.lprm.scene.examples.shared.Person@33065d67
22:46:30,391 DEBUG SCENELogger:25 - UPDATE - br.ufes.inf.lprm.scene.examples.shared.Person@33065d67
22:46:30,391 DEBUG SynchronizedPropagationList:128 - Engine resumed
22:46:30,392 DEBUG DefaultAgenda:1331 - Fire Loop
22:46:30,392 DEBUG SynchronizedPropagationList:123 - Engine wait
22:46:33,393 DEBUG SCENELogger:25 - UPDATE - br.ufes.inf.lprm.scene.examples.shared.Person@33065d67
22:46:33,393 DEBUG SynchronizedPropagationList:128 - Engine resumed
22:46:33,393 DEBUG DefaultAgenda:1331 - Fire Loop
22:46:33,393 DEBUG SynchronizedPropagationList:123 - Engine wait
22:46:36,398 DEBUG SCENELogger:25 - UPDATE - br.ufes.inf.lprm.scene.examples.shared.Person@33065d67
22:46:36,398 DEBUG SynchronizedPropagationList:128 - Engine resumed
22:46:36,398 DEBUG DefaultAgenda:1331 - Fire Loop
22:46:36,399 DEBUG SynchronizedPropagationList:123 - Engine wait
22:46:37,403 DEBUG SCENELogger:25 - UPDATE - br.ufes.inf.lprm.scene.examples.shared.Person@33065d67
22:46:37,403 DEBUG SynchronizedPropagationList:128 - Engine resumed
22:46:37,403 DEBUG DefaultAgenda:1331 - Fire Loop
22:46:37,403 DEBUG SynchronizedPropagationList:123 - Engine wait
22:46:40,404 DEBUG SynchronizedPropagationList:128 - Engine resumed
22:46:40,404 DEBUG DefaultAgenda:1331 - Fire Loop
22:46:40,404 DEBUG SynchronizedPropagationList:123 - Engine wait
22:46:40,404 DEBUG SCENELogger:25 - UPDATE - br.ufes.inf.lprm.scene.examples.shared.Person@33065d67
22:46:43,407 DEBUG SCENELogger:25 - UPDATE - br.ufes.inf.lprm.scene.examples.shared.Person@33065d67
22:46:43,407 DEBUG SynchronizedPropagationList:128 - Engine resumed
22:46:43,407 DEBUG DefaultAgenda:1331 - Fire Loop
22:46:43,407 DEBUG SynchronizedPropagationList:123 - Engine wait
22:46:46,410 DEBUG SynchronizedPropagationList:128 - Engine resumed
22:46:46,410 DEBUG DefaultAgenda:1331 - Fire Loop
22:46:46,410 DEBUG SynchronizedPropagationList:123 - Engine wait
22:46:46,410 DEBUG SCENELogger:25 - UPDATE - br.ufes.inf.lprm.scene.examples.shared.Person@33065d67
22:46:49,413 DEBUG SCENELogger:25 - UPDATE - br.ufes.inf.lprm.scene.examples.shared.Person@33065d67
22:46:49,413 DEBUG SynchronizedPropagationList:128 - Engine resumed
22:46:49,413 DEBUG DefaultAgenda:1331 - Fire Loop
22:46:49,413 DEBUG SynchronizedPropagationList:123 - Engine wait
22:46:52,414 DEBUG SynchronizedPropagationList:128 - Engine resumed
22:46:52,414 DEBUG DefaultAgenda:1331 - Fire Loop
22:46:52,414 DEBUG SCENELogger:25 - UPDATE - br.ufes.inf.lprm.scene.examples.shared.Person@33065d67
22:46:52,414 DEBUG SynchronizedPropagationList:123 - Engine wait
22:46:55,417 DEBUG SCENELogger:25 - UPDATE - br.ufes.inf.lprm.scene.examples.shared.Person@33065d67
22:46:55,417 DEBUG SynchronizedPropagationList:128 - Engine resumed
22:46:55,417 DEBUG DefaultAgenda:1331 - Fire Loop
22:46:55,417 DEBUG SynchronizedPropagationList:123 - Engine wait
22:46:56,421 DEBUG SCENELogger:25 - UPDATE - br.ufes.inf.lprm.scene.examples.shared.Person@33065d67
22:46:56,421 DEBUG SynchronizedPropagationList:128 - Engine resumed
22:46:56,421 DEBUG DefaultAgenda:1331 - Fire Loop
22:46:56,421 DEBUG SynchronizedPropagationList:123 - Engine wait
22:46:59,423 DEBUG SCENELogger:25 - UPDATE - br.ufes.inf.lprm.scene.examples.shared.Person@33065d67
22:46:59,423 DEBUG SynchronizedPropagationList:128 - Engine resumed
22:46:59,423 DEBUG DefaultAgenda:1331 - Fire Loop
22:46:59,423 DEBUG SynchronizedPropagationList:123 - Engine wait
22:47:02,427 DEBUG SCENELogger:25 - UPDATE - br.ufes.inf.lprm.scene.examples.shared.Person@33065d67
22:47:02,427 DEBUG SynchronizedPropagationList:128 - Engine resumed
22:47:02,428 DEBUG DefaultAgenda:1331 - Fire Loop
22:47:02,428 DEBUG SynchronizedPropagationList:123 - Engine wait
22:47:05,432 DEBUG SynchronizedPropagationList:128 - Engine resumed
22:47:05,432 DEBUG DefaultAgenda:1331 - Fire Loop
22:47:05,432 DEBUG SCENELogger:25 - UPDATE - br.ufes.inf.lprm.scene.examples.shared.Person@33065d67
22:47:05,432 DEBUG SynchronizedPropagationList:123 - Engine wait
22:47:08,437 DEBUG SCENELogger:25 - UPDATE - br.ufes.inf.lprm.scene.examples.shared.Person@33065d67
22:47:08,437 DEBUG SynchronizedPropagationList:128 - Engine resumed
22:47:08,438 DEBUG DefaultAgenda:1331 - Fire Loop
22:47:08,438 DEBUG SynchronizedPropagationList:123 - Engine wait
22:47:11,441 DEBUG SCENELogger:25 - UPDATE - br.ufes.inf.lprm.scene.examples.shared.Person@33065d67
22:47:11,441 DEBUG SynchronizedPropagationList:128 - Engine resumed
22:47:11,442 DEBUG DefaultAgenda:1331 - Fire Loop
22:47:11,442 DEBUG SynchronizedPropagationList:123 - Engine wait
22:47:14,445 DEBUG SCENELogger:25 - UPDATE - br.ufes.inf.lprm.scene.examples.shared.Person@33065d67
22:47:14,445 DEBUG SynchronizedPropagationList:128 - Engine resumed
22:47:14,446 DEBUG DefaultAgenda:1331 - Fire Loop
22:47:14,446 DEBUG SynchronizedPropagationList:123 - Engine wait
22:47:15,448 DEBUG SynchronizedPropagationList:128 - Engine resumed
22:47:15,449 DEBUG DefaultAgenda:1331 - Fire Loop
22:47:15,449 DEBUG SynchronizedPropagationList:123 - Engine wait
22:47:15,448 DEBUG SCENELogger:25 - UPDATE - br.ufes.inf.lprm.scene.examples.shared.Person@33065d67
22:47:18,453 DEBUG SynchronizedPropagationList:128 - Engine resumed
22:47:18,453 DEBUG DefaultAgenda:1331 - Fire Loop
22:47:18,453 DEBUG SCENELogger:25 - UPDATE - br.ufes.inf.lprm.scene.examples.shared.Person@33065d67
22:47:18,453 DEBUG SynchronizedPropagationList:123 - Engine wait
22:47:21,456 DEBUG SCENELogger:25 - UPDATE - br.ufes.inf.lprm.scene.examples.shared.Person@33065d67
22:47:21,456 DEBUG SynchronizedPropagationList:128 - Engine resumed
22:47:21,456 DEBUG DefaultAgenda:1331 - Fire Loop
22:47:21,456 DEBUG SynchronizedPropagationList:123 - Engine wait
22:47:24,459 DEBUG SCENELogger:25 - UPDATE - br.ufes.inf.lprm.scene.examples.shared.Person@33065d67
22:47:24,459 DEBUG SynchronizedPropagationList:128 - Engine resumed
22:47:24,460 DEBUG DefaultAgenda:1331 - Fire Loop
22:47:24,460 DEBUG SynchronizedPropagationList:123 - Engine wait
22:47:27,464 DEBUG SynchronizedPropagationList:128 - Engine resumed
22:47:27,465 DEBUG DefaultAgenda:1331 - Fire Loop
22:47:27,464 DEBUG SCENELogger:25 - UPDATE - br.ufes.inf.lprm.scene.examples.shared.Person@33065d67
22:47:27,465 DEBUG SynchronizedPropagationList:123 - Engine wait
22:47:30,466 DEBUG SynchronizedPropagationList:128 - Engine resumed
22:47:30,466 DEBUG SCENELogger:25 - UPDATE - br.ufes.inf.lprm.scene.examples.shared.Person@33065d67
22:47:30,467 DEBUG DefaultAgenda:1331 - Fire Loop
22:47:30,467 DEBUG SynchronizedPropagationList:123 - Engine wait
22:47:33,470 DEBUG SCENELogger:25 - UPDATE - br.ufes.inf.lprm.scene.examples.shared.Person@33065d67
22:47:33,470 DEBUG SynchronizedPropagationList:128 - Engine resumed
22:47:33,470 DEBUG DefaultAgenda:1331 - Fire Loop
22:47:33,470 DEBUG SynchronizedPropagationList:123 - Engine wait
22:47:34,475 DEBUG SCENELogger:25 - UPDATE - br.ufes.inf.lprm.scene.examples.shared.Person@33065d67
22:47:34,475 DEBUG SynchronizedPropagationList:128 - Engine resumed
22:47:34,476 DEBUG DefaultAgenda:1331 - Fire Loop
22:47:34,476 DEBUG SynchronizedPropagationList:123 - Engine wait
22:47:37,480 DEBUG SCENELogger:25 - UPDATE - br.ufes.inf.lprm.scene.examples.shared.Person@33065d67
22:47:37,480 DEBUG SynchronizedPropagationList:128 - Engine resumed
22:47:37,481 DEBUG DefaultAgenda:1331 - Fire Loop
22:47:37,481 DEBUG SynchronizedPropagationList:123 - Engine wait
22:47:40,484 DEBUG SynchronizedPropagationList:128 - Engine resumed
22:47:40,484 DEBUG DefaultAgenda:1331 - Fire Loop
22:47:40,484 DEBUG SynchronizedPropagationList:123 - Engine wait
22:47:40,484 DEBUG SCENELogger:25 - UPDATE - br.ufes.inf.lprm.scene.examples.shared.Person@33065d67
22:47:43,487 DEBUG SynchronizedPropagationList:128 - Engine resumed
22:47:43,487 DEBUG DefaultAgenda:1331 - Fire Loop
22:47:43,487 DEBUG SCENELogger:25 - UPDATE - br.ufes.inf.lprm.scene.examples.shared.Person@33065d67
22:47:43,487 DEBUG SynchronizedPropagationList:123 - Engine wait
22:47:46,492 DEBUG SCENELogger:25 - UPDATE - br.ufes.inf.lprm.scene.examples.shared.Person@33065d67
22:47:46,492 DEBUG SynchronizedPropagationList:128 - Engine resumed
22:47:46,494 DEBUG DefaultAgenda:1331 - Fire Loop
22:47:46,494 DEBUG SynchronizedPropagationList:123 - Engine wait
22:47:49,496 DEBUG SCENELogger:25 - UPDATE - br.ufes.inf.lprm.scene.examples.shared.Person@33065d67
22:47:49,496 DEBUG SynchronizedPropagationList:128 - Engine resumed
22:47:49,497 DEBUG DefaultAgenda:1331 - Fire Loop
22:47:49,497 DEBUG SynchronizedPropagationList:123 - Engine wait
22:47:52,501 DEBUG SCENELogger:25 - UPDATE - br.ufes.inf.lprm.scene.examples.shared.Person@33065d67
22:47:52,501 DEBUG SynchronizedPropagationList:128 - Engine resumed
22:47:52,503 DEBUG DefaultAgenda:1331 - Fire Loop
22:47:52,503 DEBUG SynchronizedPropagationList:123 - Engine wait
22:47:53,504 DEBUG SynchronizedPropagationList:128 - Engine resumed
22:47:53,504 DEBUG SCENELogger:25 - UPDATE - br.ufes.inf.lprm.scene.examples.shared.Person@33065d67
22:47:53,504 DEBUG DefaultAgenda:1331 - Fire Loop
22:47:53,505 DEBUG SynchronizedPropagationList:123 - Engine wait
21 DEBUG SCENELogger:25 - UPDATE - br.ufes.inf.lprm.scene.examples.shared.Person@33065d67
22:46:18,121 DEBUG SynchronizedPropagationList:128 - Engine resumed
22:46:18,122 DEBUG DefaultAgenda:1331 - Fire Loop
22:46:18,122 DEBUG SynchronizedPropagationList:123 - Engine wait
22:46:18,755 DEBUG SCENELogger:25 - UPDATE - br.ufes.inf.lprm.scene.examples.shared.Person@33065d67
22:46:18,755 DEBUG SynchronizedPropagationList:128 - Engine resumed
22:46:18,756 DEBUG DefaultAgenda:1331 - Fire Loop
22:46:18,756 DEBUG SynchronizedPropagationList:123 - Engine wait
22:46:21,124 DEBUG SynchronizedPropagationList:128 - Engine resumed
22:46:21,125 DEBUG DefaultAgenda:1331 - Fire Loop
22:46:21,124 DEBUG SCENELogger:25 - UPDATE - br.ufes.inf.lprm.scene.examples.shared.Person@33065d67
22:46:21,125 DEBUG SynchronizedPropagationList:123 - Engine wait
22:46:21,761 DEBUG SCENELogger:25 - UPDATE - br.ufes.inf.lprm.scene.examples.shared.Person@33065d67
22:46:21,761 DEBUG SynchronizedPropagationList:128 - Engine resumed
22:46:21,761 DEBUG DefaultAgenda:1331 - Fire Loop
22:46:21,761 DEBUG SynchronizedPropagationList:123 - Engine wait
22:46:22,767 DEBUG SynchronizedPropagationList:128 - Engine resumed
22:46:22,767 DEBUG SCENELogger:25 - UPDATE - br.ufes.inf.lprm.scene.examples.shared.Person@33065d67
22:46:22,767 DEBUG DefaultAgenda:1331 - Fire Loop
22:46:22,767 DEBUG SynchronizedPropagationList:123 - Engine wait
22:46:24,127 DEBUG SynchronizedPropagationList:128 - Engine resumed
22:46:24,127 DEBUG SCENELogger:25 - UPDATE - br.ufes.inf.lprm.scene.examples.shared.Person@33065d67
22:46:24,127 DEBUG DefaultAgenda:1331 - Fire Loop
22:46:24,128 DEBUG SynchronizedPropagationList:123 - Engine wait
22:46:25,769 DEBUG SynchronizedPropagationList:128 - Engine resumed
22:46:25,770 DEBUG DefaultAgenda:1331 - Fire Loop
22:46:25,770 DEBUG SynchronizedPropagationList:123 - Engine wait
22:46:25,773 DEBUG SCENELogger:25 - UPDATE - br.ufes.inf.lprm.scene.examples.shared.Person@33065d67
22:46:27,131 DEBUG SynchronizedPropagationList:128 - Engine resumed
22:46:27,131 DEBUG SCENELogger:25 - UPDATE - br.ufes.inf.lprm.scene.examples.shared.Person@33065d67
22:46:27,131 DEBUG DefaultAgenda:1331 - Fire Loop
22:46:27,131 DEBUG SynchronizedPropagationList:123 - Engine wait
22:46:28,132 DEBUG SCENELogger:25 - UPDATE - br.ufes.inf.lprm.scene.examples.shared.Person@33065d67
22:46:28,132 DEBUG SynchronizedPropagationList:128 - Engine resumed
22:46:28,133 DEBUG DefaultAgenda:1331 - Fire Loop
22:46:28,133 DEBUG SynchronizedPropagationList:123 - Engine wait
22:46:28,774 DEBUG SCENELogger:25 - UPDATE - br.ufes.inf.lprm.scene.examples.shared.Person@33065d67
22:46:28,774 DEBUG SynchronizedPropagationList:128 - Engine resumed
22:46:28,775 DEBUG DefaultAgenda:1331 - Fire Loop
22:46:28,775 DEBUG SynchronizedPropagationList:123 - Engine wait
22:46:31,133 DEBUG SCENELogger:25 - UPDATE - br.ufes.inf.lprm.scene.examples.shared.Person@33065d67
22:46:31,133 DEBUG SynchronizedPropagationList:128 - Engine resumed
22:46:31,134 DEBUG DefaultAgenda:1331 - Fire Loop
22:46:31,134 DEBUG SynchronizedPropagationList:123 - Engine wait
22:46:31,779 DEBUG SCENELogger:25 - UPDATE - br.ufes.inf.lprm.scene.examples.shared.Person@33065d67
22:46:31,779 DEBUG SynchronizedPropagationList:128 - Engine resumed
22:46:31,780 DEBUG DefaultAgenda:1331 - Fire Loop
22:46:31,780 DEBUG SynchronizedPropagationList:123 - Engine wait
22:46:34,134 DEBUG SynchronizedPropagationList:128 - Engine resumed
22:46:34,134 DEBUG SCENELogger:25 - UPDATE - br.ufes.inf.lprm.scene.examples.shared.Person@33065d67
22:46:34,135 DEBUG DefaultAgenda:1331 - Fire Loop
22:46:34,135 DEBUG SynchronizedPropagationList:123 - Engine wait
22:46:34,783 DEBUG SCENELogger:25 - UPDATE - br.ufes.inf.lprm.scene.examples.shared.Person@33065d67
22:46:34,783 DEBUG SynchronizedPropagationList:128 - Engine resumed
22:46:34,784 DEBUG DefaultAgenda:1331 - Fire Loop
22:46:34,784 DEBUG SynchronizedPropagationList:123 - Engine wait
22:46:37,135 DEBUG SynchronizedPropagationList:128 - Engine resumed
22:46:37,135 DEBUG SCENELogger:25 - UPDATE - br.ufes.inf.lprm.scene.examples.shared.Person@33065d67
22:46:37,136 DEBUG DefaultAgenda:1331 - Fire Loop
22:46:37,136 DEBUG SynchronizedPropagationList:123 - Engine wait
22:46:37,788 DEBUG SCENELogger:25 - UPDATE - br.ufes.inf.lprm.scene.examples.shared.Person@33065d67
22:46:37,788 DEBUG SynchronizedPropagationList:128 - Engine resumed
22:46:37,788 DEBUG DefaultAgenda:1331 - Fire Loop
22:46:37,788 DEBUG SynchronizedPropagationList:123 - Engine wait
22:46:40,138 DEBUG SCENELogger:25 - UPDATE - br.ufes.inf.lprm.scene.examples.shared.Person@33065d67
22:46:40,138 DEBUG SynchronizedPropagationList:128 - Engine resumed
22:46:40,139 DEBUG DefaultAgenda:1331 - Fire Loop
22:46:40,139 DEBUG SynchronizedPropagationList:123 - Engine wait
22:46:40,789 DEBUG SynchronizedPropagationList:128 - Engine resumed
22:46:40,789 DEBUG DefaultAgenda:1331 - Fire Loop
22:46:40,790 DEBUG SynchronizedPropagationList:123 - Engine wait
22:46:40,789 DEBUG SCENELogger:25 - UPDATE - br.ufes.inf.lprm.scene.examples.shared.Person@33065d67
22:46:41,790 DEBUG SCENELogger:25 - UPDATE - br.ufes.inf.lprm.scene.examples.shared.Person@33065d67
22:46:41,790 DEBUG SynchronizedPropagationList:128 - Engine resumed
22:46:41,791 DEBUG DefaultAgenda:1331 - Fire Loop
22:46:41,791 DEBUG SynchronizedPropagationList:123 - Engine wait
22:46:43,141 DEBUG SCENELogger:25 - UPDATE - br.ufes.inf.lprm.scene.examples.shared.Person@33065d67
22:46:43,141 DEBUG SynchronizedPropagationList:128 - Engine resumed
22:46:43,141 DEBUG DefaultAgenda:1331 - Fire Loop
22:46:43,142 DEBUG SynchronizedPropagationList:123 - Engine wait
22:46:44,796 DEBUG SCENELogger:25 - UPDATE - br.ufes.inf.lprm.scene.examples.shared.Person@33065d67
22:46:44,796 DEBUG SynchronizedPropagationList:128 - Engine resumed
22:46:44,796 DEBUG DefaultAgenda:1331 - Fire Loop
22:46:44,797 DEBUG SynchronizedPropagationList:123 - Engine wait
22:46:46,144 DEBUG SCENELogger:25 - UPDATE - br.ufes.inf.lprm.scene.examples.shared.Person@33065d67
22:46:46,144 DEBUG SynchronizedPropagationList:128 - Engine resumed
22:46:46,145 DEBUG DefaultAgenda:1331 - Fire Loop
22:46:46,145 DEBUG SynchronizedPropagationList:123 - Engine wait
22:46:47,145 DEBUG SCENELogger:25 - UPDATE - br.ufes.inf.lprm.scene.examples.shared.Person@33065d67
22:46:47,145 DEBUG SynchronizedPropagationList:128 - Engine resumed
22:46:47,146 DEBUG DefaultAgenda:1331 - Fire Loop
22:46:47,146 DEBUG SynchronizedPropagationList:123 - Engine wait
22:46:47,799 DEBUG SynchronizedPropagationList:128 - Engine resumed
22:46:47,800 DEBUG DefaultAgenda:1331 - Fire Loop
22:46:47,799 DEBUG SCENELogger:25 - UPDATE - br.ufes.inf.lprm.scene.examples.shared.Person@33065d67
22:46:47,800 DEBUG SynchronizedPropagationList:123 - Engine wait
22:46:50,148 DEBUG SynchronizedPropagationList:128 - Engine resumed
22:46:50,148 DEBUG DefaultAgenda:1331 - Fire Loop
22:46:50,148 DEBUG SynchronizedPropagationList:123 - Engine wait
22:46:50,148 DEBUG SCENELogger:25 - UPDATE - br.ufes.inf.lprm.scene.examples.shared.Person@33065d67
22:46:50,805 DEBUG SynchronizedPropagationList:128 - Engine resumed
22:46:50,806 DEBUG DefaultAgenda:1331 - Fire Loop
22:46:50,805 DEBUG SCENELogger:25 - UPDATE - br.ufes.inf.lprm.scene.examples.shared.Person@33065d67
22:46:50,806 DEBUG SynchronizedPropagationList:123 - Engine wait
22:46:53,149 DEBUG SynchronizedPropagationList:128 - Engine resumed
22:46:53,150 DEBUG DefaultAgenda:1331 - Fire Loop
22:46:53,150 DEBUG SynchronizedPropagationList:123 - Engine wait
22:46:53,149 DEBUG SCENELogger:25 - UPDATE - br.ufes.inf.lprm.scene.examples.shared.Person@33065d67
22:46:53,810 DEBUG SynchronizedPropagationList:128 - Engine resumed
22:46:53,810 DEBUG DefaultAgenda:1331 - Fire Loop
22:46:53,810 DEBUG SynchronizedPropagationList:123 - Engine wait
22:46:53,810 DEBUG SCENELogger:25 - UPDATE - br.ufes.inf.lprm.scene.examples.shared.Person@33065d67
22:46:56,150 DEBUG SynchronizedPropagationList:128 - Engine resumed
22:46:56,150 DEBUG SCENELogger:25 - UPDATE - br.ufes.inf.lprm.scene.examples.shared.Person@33065d67
22:46:56,150 DEBUG DefaultAgenda:1331 - Fire Loop
22:46:56,151 DEBUG SynchronizedPropagationList:123 - Engine wait
22:46:56,811 DEBUG SynchronizedPropagationList:128 - Engine resumed
22:46:56,812 DEBUG DefaultAgenda:1331 - Fire Loop
22:46:56,812 DEBUG SynchronizedPropagationList:123 - Engine wait
22:46:56,811 DEBUG SCENELogger:25 - UPDATE - br.ufes.inf.lprm.scene.examples.shared.Person@33065d67
22:46:59,152 DEBUG SynchronizedPropagationList:128 - Engine resumed
22:46:59,152 DEBUG DefaultAgenda:1331 - Fire Loop
22:46:59,153 DEBUG SynchronizedPropagationList:123 - Engine wait
22:46:59,152 DEBUG SCENELogger:25 - UPDATE - br.ufes.inf.lprm.scene.examples.shared.Person@33065d67
22:46:59,817 DEBUG SynchronizedPropagationList:128 - Engine resumed
22:46:59,818 DEBUG DefaultAgenda:1331 - Fire Loop
22:46:59,818 DEBUG SynchronizedPropagationList:123 - Engine wait
22:46:59,817 DEBUG SCENELogger:25 - UPDATE - br.ufes.inf.lprm.scene.examples.shared.Person@33065d67
22:47:00,821 DEBUG SynchronizedPropagationList:128 - Engine resumed
22:47:00,822 DEBUG DefaultAgenda:1331 - Fire Loop
22:47:00,822 DEBUG SynchronizedPropagationList:123 - Engine wait
22:47:00,822 DEBUG SCENELogger:25 - UPDATE - br.ufes.inf.lprm.scene.examples.shared.Person@33065d67
22:47:02,155 DEBUG SCENELogger:25 - UPDATE - br.ufes.inf.lprm.scene.examples.shared.Person@33065d67
22:47:02,155 DEBUG SynchronizedPropagationList:128 - Engine resumed
22:47:02,155 DEBUG DefaultAgenda:1331 - Fire Loop
22:47:02,155 DEBUG SynchronizedPropagationList:123 - Engine wait
22:47:03,827 DEBUG SCENELogger:25 - UPDATE - br.ufes.inf.lprm.scene.examples.shared.Person@33065d67
22:47:03,827 DEBUG SynchronizedPropagationList:128 - Engine resumed
22:47:03,828 DEBUG DefaultAgenda:1331 - Fire Loop
22:47:03,828 DEBUG SynchronizedPropagationList:123 - Engine wait
22:47:05,159 DEBUG SCENELogger:25 - UPDATE - br.ufes.inf.lprm.scene.examples.shared.Person@33065d67
22:47:05,159 DEBUG SynchronizedPropagationList:128 - Engine resumed
22:47:05,159 DEBUG DefaultAgenda:1331 - Fire Loop
22:47:05,159 DEBUG SynchronizedPropagationList:123 - Engine wait
22:47:06,164 DEBUG SCENELogger:25 - UPDATE - br.ufes.inf.lprm.scene.examples.shared.Person@33065d67
22:47:06,164 DEBUG SynchronizedPropagationList:128 - Engine resumed
22:47:06,165 DEBUG DefaultAgenda:1331 - Fire Loop
22:47:06,165 DEBUG SynchronizedPropagationList:123 - Engine wait
22:47:06,830 DEBUG SCENELogger:25 - UPDATE - br.ufes.inf.lprm.scene.examples.shared.Person@33065d67
22:47:06,831 DEBUG SynchronizedPropagationList:128 - Engine resumed
22:47:06,831 DEBUG DefaultAgenda:1331 - Fire Loop
22:47:06,831 DEBUG SynchronizedPropagationList:123 - Engine wait
22:47:09,165 DEBUG SynchronizedPropagationList:128 - Engine resumed
22:47:09,165 DEBUG DefaultAgenda:1331 - Fire Loop
22:47:09,165 DEBUG SynchronizedPropagationList:123 - Engine wait
22:47:09,165 DEBUG SCENELogger:25 - UPDATE - br.ufes.inf.lprm.scene.examples.shared.Person@33065d67
22:47:09,832 DEBUG SCENELogger:25 - UPDATE - br.ufes.inf.lprm.scene.examples.shared.Person@33065d67
22:47:09,832 DEBUG SynchronizedPropagationList:128 - Engine resumed
22:47:09,832 DEBUG DefaultAgenda:1331 - Fire Loop
22:47:09,832 DEBUG SynchronizedPropagationList:123 - Engine wait
22:47:12,169 DEBUG SCENELogger:25 - UPDATE - br.ufes.inf.lprm.scene.examples.shared.Person@33065d67
22:47:12,169 DEBUG SynchronizedPropagationList:128 - Engine resumed
22:47:12,169 DEBUG DefaultAgenda:1331 - Fire Loop
22:47:12,169 DEBUG SynchronizedPropagationList:123 - Engine wait
22:47:12,836 DEBUG SCENELogger:25 - UPDATE - br.ufes.inf.lprm.scene.examples.shared.Person@33065d67
22:47:12,836 DEBUG SynchronizedPropagationList:128 - Engine resumed
22:47:12,837 DEBUG DefaultAgenda:1331 - Fire Loop
22:47:12,837 DEBUG SynchronizedPropagationList:123 - Engine wait
22:47:15,172 DEBUG SCENELogger:25 - UPDATE - br.ufes.inf.lprm.scene.examples.shared.Person@33065d67
22:47:15,172 DEBUG SynchronizedPropagationList:128 - Engine resumed
22:47:15,173 DEBUG DefaultAgenda:1331 - Fire Loop
22:47:15,173 DEBUG SynchronizedPropagationList:123 - Engine wait
22:47:15,839 DEBUG SCENELogger:25 - UPDATE - br.ufes.inf.lprm.scene.examples.shared.Person@33065d67
22:47:15,839 DEBUG SynchronizedPropagationList:128 - Engine resumed
22:47:15,840 DEBUG DefaultAgenda:1331 - Fire Loop
22:47:15,840 DEBUG SynchronizedPropagationList:123 - Engine wait
22:47:18,176 DEBUG SynchronizedPropagationList:128 - Engine resumed
22:47:18,176 DEBUG DefaultAgenda:1331 - Fire Loop
22:47:18,176 DEBUG SynchronizedPropagationList:123 - Engine wait
22:47:18,176 DEBUG SCENELogger:25 - UPDATE - br.ufes.inf.lprm.scene.examples.shared.Person@33065d67
22:47:18,842 DEBUG SynchronizedPropagationList:128 - Engine resumed
22:47:18,842 DEBUG SCENELogger:25 - UPDATE - br.ufes.inf.lprm.scene.examples.shared.Person@33065d67
22:47:18,842 DEBUG DefaultAgenda:1331 - Fire Loop
22:47:18,843 DEBUG SynchronizedPropagationList:123 - Engine wait
22:47:19,843 DEBUG SynchronizedPropagationList:128 - Engine resumed
22:47:19,843 DEBUG SCENELogger:25 - UPDATE - br.ufes.inf.lprm.scene.examples.shared.Person@33065d67
22:47:19,844 DEBUG DefaultAgenda:1331 - Fire Loop
22:47:19,844 DEBUG SynchronizedPropagationList:123 - Engine wait
22:47:21,180 DEBUG SynchronizedPropagationList:128 - Engine resumed
22:47:21,181 DEBUG DefaultAgenda:1331 - Fire Loop
22:47:21,181 DEBUG SynchronizedPropagationList:123 - Engine wait
22:47:21,180 DEBUG SCENELogger:25 - UPDATE - br.ufes.inf.lprm.scene.examples.shared.Person@33065d67
22:47:22,848 DEBUG SynchronizedPropagationList:128 - Engine resumed
22:47:22,848 DEBUG SCENELogger:25 - UPDATE - br.ufes.inf.lprm.scene.examples.shared.Person@33065d67
22:47:22,850 DEBUG DefaultAgenda:1331 - Fire Loop
22:47:22,850 DEBUG SynchronizedPropagationList:123 - Engine wait
22:47:24,181 DEBUG SCENELogger:25 - UPDATE - br.ufes.inf.lprm.scene.examples.shared.Person@33065d67
22:47:24,181 DEBUG SynchronizedPropagationList:128 - Engine resumed
22:47:24,182 DEBUG DefaultAgenda:1331 - Fire Loop
22:47:24,182 DEBUG SynchronizedPropagationList:123 - Engine wait
22:47:25,186 DEBUG SynchronizedPropagationList:128 - Engine resumed
22:47:25,186 DEBUG DefaultAgenda:1331 - Fire Loop
22:47:25,186 DEBUG SCENELogger:25 - UPDATE - br.ufes.inf.lprm.scene.examples.shared.Person@33065d67
22:47:25,186 DEBUG SynchronizedPropagationList:123 - Engine wait
22:47:25,852 DEBUG SynchronizedPropagationList:128 - Engine resumed
22:47:25,852 DEBUG DefaultAgenda:1331 - Fire Loop
22:47:25,852 DEBUG SynchronizedPropagationList:123 - Engine wait
22:47:25,852 DEBUG SCENELogger:25 - UPDATE - br.ufes.inf.lprm.scene.examples.shared.Person@33065d67
22:47:28,187 DEBUG SCENELogger:25 - UPDATE - br.ufes.inf.lprm.scene.examples.shared.Person@33065d67
22:47:28,187 DEBUG SynchronizedPropagationList:128 - Engine resumed
22:47:28,188 DEBUG DefaultAgenda:1331 - Fire Loop
22:47:28,188 DEBUG SynchronizedPropagationList:123 - Engine wait
22:47:28,855 DEBUG SynchronizedPropagationList:128 - Engine resumed
22:47:28,855 DEBUG SCENELogger:25 - UPDATE - br.ufes.inf.lprm.scene.examples.shared.Person@33065d67
22:47:28,856 DEBUG DefaultAgenda:1331 - Fire Loop
22:47:28,856 DEBUG SynchronizedPropagationList:123 - Engine wait
22:47:31,191 DEBUG SynchronizedPropagationList:128 - Engine resumed
22:47:31,191 DEBUG SCENELogger:25 - UPDATE - br.ufes.inf.lprm.scene.examples.shared.Person@33065d67
22:47:31,192 DEBUG DefaultAgenda:1331 - Fire Loop
22:47:31,192 DEBUG SynchronizedPropagationList:123 - Engine wait
22:47:31,856 DEBUG SCENELogger:25 - UPDATE - br.ufes.inf.lprm.scene.examples.shared.Person@33065d67
22:47:31,856 DEBUG SynchronizedPropagationList:128 - Engine resumed
22:47:31,857 DEBUG DefaultAgenda:1331 - Fire Loop
22:47:31,857 DEBUG SynchronizedPropagationList:123 - Engine wait
22:47:34,196 DEBUG SCENELogger:25 - UPDATE - br.ufes.inf.lprm.scene.examples.shared.Person@33065d67
22:47:34,196 DEBUG SynchronizedPropagationList:128 - Engine resumed
22:47:34,196 DEBUG DefaultAgenda:1331 - Fire Loop
22:47:34,196 DEBUG SynchronizedPropagationList:123 - Engine wait
22:47:34,859 DEBUG SCENELogger:25 - UPDATE - br.ufes.inf.lprm.scene.examples.shared.Person@33065d67
22:47:34,859 DEBUG SynchronizedPropagationList:128 - Engine resumed
22:47:34,860 DEBUG DefaultAgenda:1331 - Fire Loop
22:47:34,860 DEBUG SynchronizedPropagationList:123 - Engine wait
22:47:37,201 DEBUG SCENELogger:25 - UPDATE - br.ufes.inf.lprm.scene.examples.shared.Person@33065d67
22:47:37,201 DEBUG SynchronizedPropagationList:128 - Engine resumed
22:47:37,203 DEBUG DefaultAgenda:1331 - Fire Loop
22:47:37,203 DEBUG SynchronizedPropagationList:123 - Engine wait
22:47:37,864 DEBUG SCENELogger:25 - UPDATE - br.ufes.inf.lprm.scene.examples.shared.Person@33065d67
22:47:37,864 DEBUG SynchronizedPropagationList:128 - Engine resumed
22:47:37,864 DEBUG DefaultAgenda:1331 - Fire Loop
22:47:37,864 DEBUG SynchronizedPropagationList:123 - Engine wait
22:47:38,869 DEBUG SynchronizedPropagationList:128 - Engine resumed
22:47:38,869 DEBUG DefaultAgenda:1331 - Fire Loop
22:47:38,869 DEBUG SynchronizedPropagationList:123 - Engine wait
22:47:38,869 DEBUG SCENELogger:25 - UPDATE - br.ufes.inf.lprm.scene.examples.shared.Person@33065d67
22:47:40,203 DEBUG SynchronizedPropagationList:128 - Engine resumed
22:47:40,203 DEBUG SCENELogger:25 - UPDATE - br.ufes.inf.lprm.scene.examples.shared.Person@33065d67
22:47:40,203 DEBUG DefaultAgenda:1331 - Fire Loop
22:47:40,204 DEBUG SynchronizedPropagationList:123 - Engine wait
22:47:41,874 DEBUG SynchronizedPropagationList:128 - Engine resumed
22:47:41,874 DEBUG DefaultAgenda:1331 - Fire Loop
22:47:41,874 DEBUG SynchronizedPropagationList:123 - Engine wait
22:47:41,874 DEBUG SCENELogger:25 - UPDATE - br.ufes.inf.lprm.scene.examples.shared.Person@33065d67
22:47:43,205 DEBUG SCENELogger:25 - UPDATE - br.ufes.inf.lprm.scene.examples.shared.Person@33065d67
22:47:43,205 DEBUG SynchronizedPropagationList:128 - Engine resumed
22:47:43,206 DEBUG DefaultAgenda:1331 - Fire Loop
22:47:43,207 DEBUG SynchronizedPropagationList:123 - Engine wait
22:47:44,209 DEBUG SynchronizedPropagationList:128 - Engine resumed
22:47:44,209 DEBUG SCENELogger:25 - UPDATE - br.ufes.inf.lprm.scene.examples.shared.Person@33065d67
22:47:44,209 DEBUG DefaultAgenda:1331 - Fire Loop
22:47:44,209 DEBUG SynchronizedPropagationList:123 - Engine wait
22:47:44,877 DEBUG SCENELogger:25 - UPDATE - br.ufes.inf.lprm.scene.examples.shared.Person@33065d67
22:47:44,877 DEBUG SynchronizedPropagationList:128 - Engine resumed
22:47:44,879 DEBUG DefaultAgenda:1331 - Fire Loop
22:47:44,879 DEBUG SynchronizedPropagationList:123 - Engine wait
22:47:47,210 DEBUG SynchronizedPropagationList:128 - Engine resumed
22:47:47,210 DEBUG SCENELogger:25 - UPDATE - br.ufes.inf.lprm.scene.examples.shared.Person@33065d67
22:47:47,210 DEBUG DefaultAgenda:1331 - Fire Loop
22:47:47,210 DEBUG SynchronizedPropagationList:123 - Engine wait
22:47:47,880 DEBUG SCENELogger:25 - UPDATE - br.ufes.inf.lprm.scene.examples.shared.Person@33065d67
22:47:47,880 DEBUG SynchronizedPropagationList:128 - Engine resumed
22:47:47,881 DEBUG DefaultAgenda:1331 - Fire Loop
22:47:47,881 DEBUG SynchronizedPropagationList:123 - Engine wait
22:47:50,213 DEBUG SynchronizedPropagationList:128 - Engine resumed
22:47:50,213 DEBUG SCENELogger:25 - UPDATE - br.ufes.inf.lprm.scene.examples.shared.Person@33065d67
22:47:50,214 DEBUG DefaultAgenda:1331 - Fire Loop
22:47:50,215 DEBUG SynchronizedPropagationList:123 - Engine wait
22:47:50,881 DEBUG SynchronizedPropagationList:128 - Engine resumed
22:47:50,882 DEBUG DefaultAgenda:1331 - Fire Loop
22:47:50,881 DEBUG SCENELogger:25 - UPDATE - br.ufes.inf.lprm.scene.examples.shared.Person@33065d67
22:47:50,882 DEBUG SynchronizedPropagationList:123 - Engine wait
22:47:53,215 DEBUG SCENELogger:25 - UPDATE - br.ufes.inf.lprm.scene.examples.shared.Person@33065d67
22:47:53,215 DEBUG SynchronizedPropagationList:128 - Engine resumed
22:47:53,215 DEBUG DefaultAgenda:1331 - Fire Loop
22:47:53,215 DEBUG SynchronizedPropagationList:123 - Engine wait
22:47:53,888 DEBUG SynchronizedPropagationList:128 - Engine resumed
22:47:53,888 DEBUG SCENELogger:25 - UPDATE - br.ufes.inf.lprm.scene.examples.shared.Person@33065d67
22:47:53,889 DEBUG DefaultAgenda:1331 - Fire Loop
22:47:53,890 DEBUG SynchronizedPropagationList:123 - Engine wait
22:47:56,220 DEBUG SynchronizedPropagationList:128 - Engine resumed
22:47:56,220 DEBUG SCENELogger:25 - UPDATE - br.ufes.inf.lprm.scene.examples.shared.Person@33065d67
22:47:56,221 DEBUG DefaultAgenda:1331 - Fire Loop
22:47:56,221 DEBUG SynchronizedPropagationList:123 - Engine wait
22:47:56,890 DEBUG SynchronizedPropagationList:128 - Engine resumed
22:47:56,891 DEBUG DefaultAgenda:1331 - Fire Loop
22:47:56,891 DEBUG SynchronizedPropagationList:123 - Engine wait
22:47:56,890 DEBUG SCENELogger:25 - UPDATE - br.ufes.inf.lprm.scene.examples.shared.Person@33065d67
22:47:57,896 DEBUG SynchronizedPropagationList:128 - Engine resumed
22:47:57,896 DEBUG SCENELogger:25 - UPDATE - br.ufes.inf.lprm.scene.examples.shared.Person@33065d67
22:47:57,896 DEBUG DefaultAgenda:1331 - Fire Loop
22:47:57,897 DEBUG SynchronizedPropagationList:123 - Engine wait
22:47:59,224 DEBUG SynchronizedPropagationList:128 - Engine resumed
22:47:59,225 DEBUG DefaultAgenda:1331 - Fire Loop
22:47:59,224 DEBUG SCENELogger:25 - UPDATE - br.ufes.inf.lprm.scene.examples.shared.Person@33065d67
22:47:59,225 DEBUG SynchronizedPropagationList:123 - Engine wait
22:48:00,901 DEBUG SynchronizedPropagationList:128 - Engine resumed
22:48:00,901 DEBUG DefaultAgenda:1331 - Fire Loop
22:48:00,901 DEBUG SynchronizedPropagationList:123 - Engine wait
22:48:00,901 DEBUG SCENELogger:25 - UPDATE - br.ufes.inf.lprm.scene.examples.shared.Person@33065d67
22:48:02,229 DEBUG SynchronizedPropagationList:128 - Engine resumed
22:48:02,229 DEBUG SCENELogger:25 - UPDATE - br.ufes.inf.lprm.scene.examples.shared.Person@33065d67
22:48:02,229 DEBUG DefaultAgenda:1331 - Fire Loop
22:48:02,229 DEBUG SynchronizedPropagationList:123 - Engine wait
22:48:03,231 DEBUG SynchronizedPropagationList:128 - Engine resumed
22:48:03,231 DEBUG DefaultAgenda:1331 - Fire Loop
22:48:03,231 DEBUG SynchronizedPropagationList:123 - Engine wait
22:48:03,231 DEBUG SCENELogger:25 - UPDATE - br.ufes.inf.lprm.scene.examples.shared.Person@33065d67
22:48:03,903 DEBUG SynchronizedPropagationList:128 - Engine resumed
22:48:03,903 DEBUG SCENELogger:25 - UPDATE - br.ufes.inf.lprm.scene.examples.shared.Person@33065d67
22:48:03,903 DEBUG DefaultAgenda:1331 - Fire Loop
22:48:03,904 DEBUG SynchronizedPropagationList:123 - Engine wait
